<?xml version="1.0" encoding="UTF-8"?>
<!-- Generated by org.testng.reporters.JUnitReportReporter -->
<testsuite skipped="0" hostname="LIN19001320" name="PracticePackages.HasMap" tests="4" failures="0" timestamp="06 Jun 2019 20:35:37 GMT" time="56.567" errors="1">
  <testcase name="Browserstack" time="17.567" classname="PracticePackages.HasMap"/>
  <testcase name="Browserstack" time="0.956" classname="PracticePackages.HasMap">
    <error type="org.openqa.selenium.WebDriverException" message="Session not started or terminated (WARNING: The server did not provide any stacktrace information)
Command duration or timeout: 43 milliseconds
Build info: version: &#039;3.0.1&#039;, revision: &#039;1969d75&#039;, time: &#039;2016-10-18 09:49:13 -0700&#039;
System info: host: &#039;LIN19001320&#039;, ip: &#039;192.168.1.13&#039;, os.name: &#039;Windows 10&#039;, os.arch: &#039;x86&#039;, os.version: &#039;10.0&#039;, java.version: &#039;1.8.0_131&#039;
Driver info: org.openqa.selenium.remote.RemoteWebDriver
Capabilities [{message=OS/Browser combination invalid: {&quot;browserstack.local&quot;=&gt;false, &quot;browserstack.networkLogs&quot;=&gt;true, &quot;browserName&quot;=&gt;&quot;ie&quot;, &quot;version&quot;=&gt;&quot;57.0&quot;, &quot;platform&quot;=&gt;&quot;WINDOWS&quot;, &quot;browserstack.debug&quot;=&gt;true, &quot;browserstack.console&quot;=&gt;&quot;errors&quot;, &quot;acceptSslCert&quot;=&gt;false, &quot;detected_language&quot;=&gt;&quot;Apache-HttpClient/4.5.3 (Java/1.8.0_131)&quot;, &quot;browser&quot;=&gt;&quot;ie&quot;, &quot;browser_name&quot;=&gt;&quot;ie&quot;, &quot;browserVersion&quot;=&gt;&quot;57.0&quot;, &quot;browser_version&quot;=&gt;&quot;57.0&quot;, &quot;browserstack.seleniumLogs&quot;=&gt;true, &quot;browserstack.appiumLogs&quot;=&gt;false}, platform=ANY}]
Session ID: ">
      <![CDATA[org.openqa.selenium.WebDriverException: Session not started or terminated (WARNING: The server did not provide any stacktrace information)
Command duration or timeout: 43 milliseconds
Build info: version: '3.0.1', revision: '1969d75', time: '2016-10-18 09:49:13 -0700'
System info: host: 'LIN19001320', ip: '192.168.1.13', os.name: 'Windows 10', os.arch: 'x86', os.version: '10.0', java.version: '1.8.0_131'
Driver info: org.openqa.selenium.remote.RemoteWebDriver
Capabilities [{message=OS/Browser combination invalid: {"browserstack.local"=>false, "browserstack.networkLogs"=>true, "browserName"=>"ie", "version"=>"57.0", "platform"=>"WINDOWS", "browserstack.debug"=>true, "browserstack.console"=>"errors", "acceptSslCert"=>false, "detected_language"=>"Apache-HttpClient/4.5.3 (Java/1.8.0_131)", "browser"=>"ie", "browser_name"=>"ie", "browserVersion"=>"57.0", "browser_version"=>"57.0", "browserstack.seleniumLogs"=>true, "browserstack.appiumLogs"=>false}, platform=ANY}]
Session ID: 
at sun.reflect.NativeConstructorAccessorImpl.newInstance0(Native Method)
at sun.reflect.NativeConstructorAccessorImpl.newInstance(Unknown Source)
at sun.reflect.DelegatingConstructorAccessorImpl.newInstance(Unknown Source)
at java.lang.reflect.Constructor.newInstance(Unknown Source)
at org.openqa.selenium.remote.ErrorHandler.createThrowable(ErrorHandler.java:216)
at org.openqa.selenium.remote.ErrorHandler.throwIfResponseFailed(ErrorHandler.java:168)
at org.openqa.selenium.remote.RemoteWebDriver.execute(RemoteWebDriver.java:635)
at org.openqa.selenium.remote.RemoteWebDriver.get(RemoteWebDriver.java:322)
at PracticePackages.HasMap.Browserstack(HasMap.java:91)
at sun.reflect.NativeMethodAccessorImpl.invoke0(Native Method)
at sun.reflect.NativeMethodAccessorImpl.invoke(Unknown Source)
at sun.reflect.DelegatingMethodAccessorImpl.invoke(Unknown Source)
at java.lang.reflect.Method.invoke(Unknown Source)
at org.testng.internal.MethodInvocationHelper.invokeMethod(MethodInvocationHelper.java:124)
at org.testng.internal.Invoker.invokeMethod(Invoker.java:580)
at org.testng.internal.Invoker.invokeTestMethod(Invoker.java:716)
at org.testng.internal.Invoker.invokeTestMethods(Invoker.java:988)
at org.testng.internal.TestMethodWorker.invokeTestMethods(TestMethodWorker.java:125)
at org.testng.internal.TestMethodWorker.run(TestMethodWorker.java:109)
at org.testng.TestRunner.privateRun(TestRunner.java:648)
at org.testng.TestRunner.run(TestRunner.java:505)
at org.testng.SuiteRunner.runTest(SuiteRunner.java:455)
at org.testng.SuiteRunner.runSequentially(SuiteRunner.java:450)
at org.testng.SuiteRunner.privateRun(SuiteRunner.java:415)
at org.testng.SuiteRunner.run(SuiteRunner.java:364)
at org.testng.SuiteRunnerWorker.runSuite(SuiteRunnerWorker.java:52)
at org.testng.SuiteRunnerWorker.run(SuiteRunnerWorker.java:84)
at org.testng.TestNG.runSuitesSequentially(TestNG.java:1208)
at org.testng.TestNG.runSuitesLocally(TestNG.java:1137)
at org.testng.TestNG.runSuites(TestNG.java:1049)
at org.testng.TestNG.run(TestNG.java:1017)
at org.testng.remote.AbstractRemoteTestNG.run(AbstractRemoteTestNG.java:114)
at org.testng.remote.RemoteTestNG.initAndRun(RemoteTestNG.java:251)
at org.testng.remote.RemoteTestNG.main(RemoteTestNG.java:77)
]]>
    </error>
  </testcase> <!-- Browserstack -->
  <testcase name="Browserstack" time="13.383" classname="PracticePackages.HasMap"/>
  <testcase name="Browserstack" time="24.661" classname="PracticePackages.HasMap"/>
</testsuite> <!-- PracticePackages.HasMap -->
